2021-04-07 09:58:35.252 [main] DEBUG com.imooc.o2o.O2oApplication - Running with Spring Boot v2.1.6.RELEASE, Spring v5.1.8.RELEASE
2021-04-07 10:01:15.954 [http-nio-8080-exec-8] DEBUG c.i.o.dao.LocalAuthDao.queryLocalByUserNameAndPwd - ==>  Preparing: SELECT l.local_auth_id, l.username, l.password, l.create_time, l.last_edit_time, p.user_id, p.name, p.gender, p.email, p.profile_img, p.user_type, p.create_time, p.last_edit_time, p.enable_status FROM tb_local_auth l LEFT JOIN tb_person_info p ON l.user_id = p.user_id WHERE l.username = ? AND l.password = ? 
2021-04-07 10:01:15.965 [http-nio-8080-exec-8] DEBUG c.i.o.dao.LocalAuthDao.queryLocalByUserNameAndPwd - ==> Parameters: xiangze(String), s05bse6q2qlb9qblls96s592y55y556s(String)
2021-04-07 10:01:15.975 [http-nio-8080-exec-8] DEBUG c.i.o.dao.LocalAuthDao.queryLocalByUserNameAndPwd - <==      Total: 1
2021-04-07 10:02:09.252 [http-nio-8080-exec-7] DEBUG c.i.o.dao.LocalAuthDao.queryLocalByUserNameAndPwd - ==>  Preparing: SELECT l.local_auth_id, l.username, l.password, l.create_time, l.last_edit_time, p.user_id, p.name, p.gender, p.email, p.profile_img, p.user_type, p.create_time, p.last_edit_time, p.enable_status FROM tb_local_auth l LEFT JOIN tb_person_info p ON l.user_id = p.user_id WHERE l.username = ? AND l.password = ? 
2021-04-07 10:02:09.252 [http-nio-8080-exec-7] DEBUG c.i.o.dao.LocalAuthDao.queryLocalByUserNameAndPwd - ==> Parameters: test(String), s05bse6q2qlb9qblls96s592y55y556s(String)
2021-04-07 10:02:09.253 [http-nio-8080-exec-7] DEBUG c.i.o.dao.LocalAuthDao.queryLocalByUserNameAndPwd - <==      Total: 1
2021-04-07 10:02:53.692 [http-nio-8080-exec-1] DEBUG c.i.o.d.UserProductMapDao.queryUserProductMapList - ==>  Preparing: SELECT upm.user_product_id, upm.create_time, upm.point, buyer.user_id, buyer.name, s.shop_id, s.shop_name, p.product_id, p.product_name, operator.user_id AS operator_id, operator.name AS operator_name FROM tb_user_product_map upm, tb_person_info buyer, tb_shop s, tb_product p, tb_person_info operator WHERE upm.user_id = buyer.user_id and upm.shop_id = s.shop_id and upm.product_id = p.product_id and upm.operator_id = operator.user_id and upm.user_id = ? and buyer.name like '%淼仙%' ORDER BY upm.create_time desc LIMIT ?,?; 
2021-04-07 10:02:53.693 [http-nio-8080-exec-1] DEBUG c.i.o.d.UserProductMapDao.queryUserProductMapList - ==> Parameters: 11(Long), 0(Integer), 10(Integer)
2021-04-07 10:02:53.694 [http-nio-8080-exec-1] DEBUG c.i.o.d.UserProductMapDao.queryUserProductMapList - <==      Total: 0
2021-04-07 10:02:53.695 [http-nio-8080-exec-1] DEBUG c.i.o.d.UserProductMapDao.queryUserProductMapCount - ==>  Preparing: SELECT count(1) FROM tb_user_product_map upm, tb_person_info buyer, tb_shop s, tb_product p, tb_person_info operator WHERE upm.user_id = buyer.user_id and upm.shop_id = s.shop_id and upm.product_id = p.product_id and upm.operator_id = operator.user_id and upm.user_id = ? and buyer.name like '%淼仙%' 
2021-04-07 10:02:53.695 [http-nio-8080-exec-1] DEBUG c.i.o.d.UserProductMapDao.queryUserProductMapCount - ==> Parameters: 11(Long)
2021-04-07 10:02:53.696 [http-nio-8080-exec-1] DEBUG c.i.o.d.UserProductMapDao.queryUserProductMapCount - <==      Total: 1
2021-04-07 10:02:56.215 [http-nio-8080-exec-9] DEBUG c.i.o2o.dao.UserAwardMapDao.queryUserAwardMapList - ==>  Preparing: SELECT uam.user_award_id, uam.create_time, uam.used_status, uam.point, buyer.user_id, buyer.name, s.shop_id, s.shop_name, a.award_id, a.award_name, uam.operator_id AS operator_id FROM tb_user_award_map uam, tb_person_info buyer, tb_shop s, tb_award a WHERE uam.user_id = buyer.user_id and uam.shop_id = s.shop_id and uam.award_id = a.award_id and uam.user_id = ? and buyer.name like '%淼仙%' ORDER BY uam.create_time desc LIMIT ?,?; 
2021-04-07 10:02:56.218 [http-nio-8080-exec-9] DEBUG c.i.o2o.dao.UserAwardMapDao.queryUserAwardMapList - ==> Parameters: 11(Long), 0(Integer), 10(Integer)
2021-04-07 10:02:56.220 [http-nio-8080-exec-9] DEBUG c.i.o2o.dao.UserAwardMapDao.queryUserAwardMapList - <==      Total: 0
2021-04-07 10:02:56.221 [http-nio-8080-exec-9] DEBUG c.i.o2o.dao.UserAwardMapDao.queryUserAwardMapCount - ==>  Preparing: SELECT count(1) FROM tb_user_award_map uam, tb_person_info buyer, tb_shop s, tb_award a WHERE uam.user_id = buyer.user_id and uam.shop_id = s.shop_id and uam.award_id = a.award_id and uam.user_id = ? and buyer.name like '%淼仙%' 
2021-04-07 10:02:56.222 [http-nio-8080-exec-9] DEBUG c.i.o2o.dao.UserAwardMapDao.queryUserAwardMapCount - ==> Parameters: 11(Long)
2021-04-07 10:02:56.223 [http-nio-8080-exec-9] DEBUG c.i.o2o.dao.UserAwardMapDao.queryUserAwardMapCount - <==      Total: 1
2021-04-07 10:02:58.811 [http-nio-8080-exec-6] DEBUG c.i.o2o.dao.UserShopMapDao.queryUserShopMapList - ==>  Preparing: SELECT usm.user_shop_id, usm.create_time, usm.point, buyer.user_id, buyer.name, s.shop_id, s.shop_name FROM tb_user_shop_map usm, tb_person_info buyer, tb_shop s WHERE usm.user_id = buyer.user_id and usm.shop_id = s.shop_id and usm.user_id = ? and buyer.name like '%淼仙%' LIMIT ?,?; 
2021-04-07 10:02:58.811 [http-nio-8080-exec-6] DEBUG c.i.o2o.dao.UserShopMapDao.queryUserShopMapList - ==> Parameters: 11(Long), 0(Integer), 10(Integer)
2021-04-07 10:02:58.813 [http-nio-8080-exec-6] DEBUG c.i.o2o.dao.UserShopMapDao.queryUserShopMapList - <==      Total: 0
2021-04-07 10:02:58.814 [http-nio-8080-exec-6] DEBUG c.i.o2o.dao.UserShopMapDao.queryUserShopMapCount - ==>  Preparing: SELECT count(1) FROM tb_user_shop_map usm, tb_person_info buyer, tb_shop s WHERE usm.user_id = buyer.user_id and usm.shop_id = s.shop_id and usm.user_id = ? and buyer.name like '%淼仙%' 
2021-04-07 10:02:58.815 [http-nio-8080-exec-6] DEBUG c.i.o2o.dao.UserShopMapDao.queryUserShopMapCount - ==> Parameters: 11(Long)
2021-04-07 10:02:58.815 [http-nio-8080-exec-6] DEBUG c.i.o2o.dao.UserShopMapDao.queryUserShopMapCount - <==      Total: 1
2021-04-07 10:03:12.345 [http-nio-8080-exec-3] DEBUG c.i.o.dao.LocalAuthDao.queryLocalByUserNameAndPwd - ==>  Preparing: SELECT l.local_auth_id, l.username, l.password, l.create_time, l.last_edit_time, p.user_id, p.name, p.gender, p.email, p.profile_img, p.user_type, p.create_time, p.last_edit_time, p.enable_status FROM tb_local_auth l LEFT JOIN tb_person_info p ON l.user_id = p.user_id WHERE l.username = ? AND l.password = ? 
2021-04-07 10:03:12.346 [http-nio-8080-exec-3] DEBUG c.i.o.dao.LocalAuthDao.queryLocalByUserNameAndPwd - ==> Parameters: xiangze(String), s05bse6q2qlb9qblls96s592y55y556s(String)
2021-04-07 10:03:12.347 [http-nio-8080-exec-3] DEBUG c.i.o.dao.LocalAuthDao.queryLocalByUserNameAndPwd - <==      Total: 1
2021-04-07 10:12:44.344 [main] DEBUG com.imooc.o2o.O2oApplication - Running with Spring Boot v2.1.6.RELEASE, Spring v5.1.8.RELEASE
2021-04-07 10:12:50.704 [http-nio-8080-exec-1] DEBUG c.imooc.o2o.dao.ShopCategoryDao.queryShopCategory - ==>  Preparing: SELECT shop_category_id, shop_category_name, shop_category_desc, shop_category_img, priority, create_time, last_edit_time, parent_id FROM tb_shop_category WHERE parent_id is null ORDER BY priority DESC 
2021-04-07 10:12:50.721 [http-nio-8080-exec-1] DEBUG c.imooc.o2o.dao.ShopCategoryDao.queryShopCategory - ==> Parameters: 
2021-04-07 10:12:50.741 [http-nio-8080-exec-1] DEBUG c.imooc.o2o.dao.ShopCategoryDao.queryShopCategory - <==      Total: 6
2021-04-07 10:15:28.048 [main] DEBUG com.imooc.o2o.O2oApplication - Running with Spring Boot v2.1.6.RELEASE, Spring v5.1.8.RELEASE
2021-04-07 10:15:32.976 [http-nio-8080-exec-1] DEBUG c.imooc.o2o.dao.ShopCategoryDao.queryShopCategory - ==>  Preparing: SELECT shop_category_id, shop_category_name, shop_category_desc, shop_category_img, priority, create_time, last_edit_time, parent_id FROM tb_shop_category WHERE parent_id is null ORDER BY priority DESC 
2021-04-07 10:15:32.991 [http-nio-8080-exec-1] DEBUG c.imooc.o2o.dao.ShopCategoryDao.queryShopCategory - ==> Parameters: 
2021-04-07 10:15:33.011 [http-nio-8080-exec-1] DEBUG c.imooc.o2o.dao.ShopCategoryDao.queryShopCategory - <==      Total: 6
2021-04-07 10:16:08.374 [http-nio-8080-exec-5] DEBUG com.imooc.o2o.dao.ShopDao.queryShopList - ==>  Preparing: SELECT s.shop_id, s.shop_name, s.shop_desc, s.shop_addr, s.phone, s.shop_img, s.priority, s.create_time, s.last_edit_time, s.enable_status, s.advice, a.area_id, a.area_name, sc.shop_category_id, sc.shop_category_name FROM tb_shop s, tb_area a, tb_shop_category sc WHERE s.shop_category_id in (select shop_category_id from tb_shop_category WHERE parent_id = ?) and s.enable_status = ? AND s.area_id=a.area_id AND s.shop_category_id = sc.shop_category_id ORDER BY s.priority DESC LIMIT ?,?; 
2021-04-07 10:16:08.374 [http-nio-8080-exec-6] DEBUG c.imooc.o2o.dao.ShopCategoryDao.queryShopCategory - ==>  Preparing: SELECT shop_category_id, shop_category_name, shop_category_desc, shop_category_img, priority, create_time, last_edit_time, parent_id FROM tb_shop_category WHERE parent_id is not null and parent_id = ? ORDER BY priority DESC 
2021-04-07 10:16:08.374 [http-nio-8080-exec-6] DEBUG c.imooc.o2o.dao.ShopCategoryDao.queryShopCategory - ==> Parameters: 11(Long)
2021-04-07 10:16:08.375 [http-nio-8080-exec-5] DEBUG com.imooc.o2o.dao.ShopDao.queryShopList - ==> Parameters: 11(Long), 1(Integer), 0(Integer), 3(Integer)
2021-04-07 10:16:08.376 [http-nio-8080-exec-6] DEBUG c.imooc.o2o.dao.ShopCategoryDao.queryShopCategory - <==      Total: 2
2021-04-07 10:16:08.378 [http-nio-8080-exec-5] DEBUG com.imooc.o2o.dao.ShopDao.queryShopList - <==      Total: 2
2021-04-07 10:16:08.380 [http-nio-8080-exec-5] DEBUG com.imooc.o2o.dao.ShopDao.queryShopCount - ==>  Preparing: SELECT count(1) FROM tb_shop s, tb_area a, tb_shop_category sc WHERE s.shop_category_id in (select shop_category_id from tb_shop_category WHERE parent_id = ?) and s.enable_status = ? AND s.area_id=a.area_id AND s.shop_category_id = sc.shop_category_id 
2021-04-07 10:16:08.380 [http-nio-8080-exec-5] DEBUG com.imooc.o2o.dao.ShopDao.queryShopCount - ==> Parameters: 11(Long), 1(Integer)
2021-04-07 10:16:08.381 [http-nio-8080-exec-5] DEBUG com.imooc.o2o.dao.ShopDao.queryShopCount - <==      Total: 1
2021-04-07 10:16:08.382 [http-nio-8080-exec-6] DEBUG c.imooc.o2o.dao.ShopCategoryDao.queryShopCategory - ==>  Preparing: SELECT shop_category_id, shop_category_name, shop_category_desc, shop_category_img, priority, create_time, last_edit_time, parent_id FROM tb_shop_category WHERE parent_id is not null and parent_id = ? ORDER BY priority DESC 
2021-04-07 10:16:08.383 [http-nio-8080-exec-6] DEBUG c.imooc.o2o.dao.ShopCategoryDao.queryShopCategory - ==> Parameters: 11(Long)
2021-04-07 10:16:08.386 [http-nio-8080-exec-6] DEBUG c.imooc.o2o.dao.ShopCategoryDao.queryShopCategory - <==      Total: 2
2021-04-07 10:16:10.509 [http-nio-8080-exec-8] DEBUG com.imooc.o2o.dao.ShopDao.queryByShopId - ==>  Preparing: SELECT s.shop_id, s.shop_name, s.shop_desc, s.shop_addr, s.phone, s.shop_img, s.priority, s.create_time, s.last_edit_time, s.enable_status, s.advice, a.area_id, a.area_name, sc.shop_category_id, sc.shop_category_name FROM tb_shop s, tb_area a, tb_shop_category sc WHERE s.area_id=a.area_id AND s.shop_category_id = sc.shop_category_id AND s.shop_id = ? 
2021-04-07 10:16:10.510 [http-nio-8080-exec-8] DEBUG com.imooc.o2o.dao.ShopDao.queryByShopId - ==> Parameters: 17(Long)
2021-04-07 10:16:10.512 [http-nio-8080-exec-8] DEBUG com.imooc.o2o.dao.ShopDao.queryByShopId - <==      Total: 1
2021-04-07 10:16:10.512 [http-nio-8080-exec-8] DEBUG c.i.o.d.P.queryProductCategoryList - ==>  Preparing: SELECT product_category_id, product_category_name, priority, create_time, shop_id FROM tb_product_category WHERE shop_id = ? ORDER BY priority DESC 
2021-04-07 10:16:10.513 [http-nio-8080-exec-8] DEBUG c.i.o.d.P.queryProductCategoryList - ==> Parameters: 17(Long)
2021-04-07 10:16:10.514 [http-nio-8080-exec-8] DEBUG c.i.o.d.P.queryProductCategoryList - <==      Total: 0
2021-04-07 10:16:10.514 [http-nio-8080-exec-10] DEBUG com.imooc.o2o.dao.ProductDao.queryProductList - ==>  Preparing: SELECT product_id, product_name, product_desc, img_addr, normal_price, promotion_price, priority, create_time, last_edit_time, enable_status, point, product_category_id, shop_id FROM tb_product WHERE shop_id = ? and enable_status = ? ORDER BY priority DESC LIMIT ?,?; 
2021-04-07 10:16:10.514 [http-nio-8080-exec-10] DEBUG com.imooc.o2o.dao.ProductDao.queryProductList - ==> Parameters: 17(Long), 1(Integer), 0(Integer), 3(Integer)
2021-04-07 10:16:10.515 [http-nio-8080-exec-10] DEBUG com.imooc.o2o.dao.ProductDao.queryProductList - <==      Total: 0
2021-04-07 10:16:10.516 [http-nio-8080-exec-10] DEBUG com.imooc.o2o.dao.ProductDao.queryProductCount - ==>  Preparing: SELECT count(1) FROM tb_product WHERE shop_id = ? and enable_status = ? 
2021-04-07 10:16:10.517 [http-nio-8080-exec-10] DEBUG com.imooc.o2o.dao.ProductDao.queryProductCount - ==> Parameters: 17(Long), 1(Integer)
2021-04-07 10:16:10.518 [http-nio-8080-exec-10] DEBUG com.imooc.o2o.dao.ProductDao.queryProductCount - <==      Total: 1
2021-04-07 10:16:13.349 [http-nio-8080-exec-7] DEBUG com.imooc.o2o.dao.ShopDao.queryShopList - ==>  Preparing: SELECT s.shop_id, s.shop_name, s.shop_desc, s.shop_addr, s.phone, s.shop_img, s.priority, s.create_time, s.last_edit_time, s.enable_status, s.advice, a.area_id, a.area_name, sc.shop_category_id, sc.shop_category_name FROM tb_shop s, tb_area a, tb_shop_category sc WHERE s.shop_category_id in (select shop_category_id from tb_shop_category WHERE parent_id = ?) and s.enable_status = ? AND s.area_id=a.area_id AND s.shop_category_id = sc.shop_category_id ORDER BY s.priority DESC LIMIT ?,?; 
2021-04-07 10:16:13.350 [http-nio-8080-exec-7] DEBUG com.imooc.o2o.dao.ShopDao.queryShopList - ==> Parameters: 11(Long), 1(Integer), 0(Integer), 3(Integer)
2021-04-07 10:16:13.351 [http-nio-8080-exec-9] DEBUG c.imooc.o2o.dao.ShopCategoryDao.queryShopCategory - ==>  Preparing: SELECT shop_category_id, shop_category_name, shop_category_desc, shop_category_img, priority, create_time, last_edit_time, parent_id FROM tb_shop_category WHERE parent_id is not null and parent_id = ? ORDER BY priority DESC 
2021-04-07 10:16:13.352 [http-nio-8080-exec-9] DEBUG c.imooc.o2o.dao.ShopCategoryDao.queryShopCategory - ==> Parameters: 11(Long)
2021-04-07 10:16:13.353 [http-nio-8080-exec-7] DEBUG com.imooc.o2o.dao.ShopDao.queryShopList - <==      Total: 2
2021-04-07 10:16:13.353 [http-nio-8080-exec-9] DEBUG c.imooc.o2o.dao.ShopCategoryDao.queryShopCategory - <==      Total: 2
2021-04-07 10:16:13.355 [http-nio-8080-exec-7] DEBUG com.imooc.o2o.dao.ShopDao.queryShopCount - ==>  Preparing: SELECT count(1) FROM tb_shop s, tb_area a, tb_shop_category sc WHERE s.shop_category_id in (select shop_category_id from tb_shop_category WHERE parent_id = ?) and s.enable_status = ? AND s.area_id=a.area_id AND s.shop_category_id = sc.shop_category_id 
2021-04-07 10:16:13.355 [http-nio-8080-exec-7] DEBUG com.imooc.o2o.dao.ShopDao.queryShopCount - ==> Parameters: 11(Long), 1(Integer)
2021-04-07 10:16:13.356 [http-nio-8080-exec-7] DEBUG com.imooc.o2o.dao.ShopDao.queryShopCount - <==      Total: 1
2021-04-07 10:16:14.122 [http-nio-8080-exec-6] DEBUG c.imooc.o2o.dao.ShopCategoryDao.queryShopCategory - ==>  Preparing: SELECT shop_category_id, shop_category_name, shop_category_desc, shop_category_img, priority, create_time, last_edit_time, parent_id FROM tb_shop_category WHERE parent_id is null ORDER BY priority DESC 
2021-04-07 10:16:14.123 [http-nio-8080-exec-6] DEBUG c.imooc.o2o.dao.ShopCategoryDao.queryShopCategory - ==> Parameters: 
2021-04-07 10:16:14.125 [http-nio-8080-exec-6] DEBUG c.imooc.o2o.dao.ShopCategoryDao.queryShopCategory - <==      Total: 6
2021-04-07 10:16:41.773 [http-nio-8080-exec-8] DEBUG c.imooc.o2o.dao.ShopCategoryDao.queryShopCategory - ==>  Preparing: SELECT shop_category_id, shop_category_name, shop_category_desc, shop_category_img, priority, create_time, last_edit_time, parent_id FROM tb_shop_category WHERE parent_id is not null and parent_id = ? ORDER BY priority DESC 
2021-04-07 10:16:41.773 [http-nio-8080-exec-8] DEBUG c.imooc.o2o.dao.ShopCategoryDao.queryShopCategory - ==> Parameters: 12(Long)
2021-04-07 10:16:41.775 [http-nio-8080-exec-8] DEBUG c.imooc.o2o.dao.ShopCategoryDao.queryShopCategory - <==      Total: 2
2021-04-07 10:16:41.776 [http-nio-8080-exec-2] DEBUG com.imooc.o2o.dao.ShopDao.queryShopList - ==>  Preparing: SELECT s.shop_id, s.shop_name, s.shop_desc, s.shop_addr, s.phone, s.shop_img, s.priority, s.create_time, s.last_edit_time, s.enable_status, s.advice, a.area_id, a.area_name, sc.shop_category_id, sc.shop_category_name FROM tb_shop s, tb_area a, tb_shop_category sc WHERE s.shop_category_id in (select shop_category_id from tb_shop_category WHERE parent_id = ?) and s.enable_status = ? AND s.area_id=a.area_id AND s.shop_category_id = sc.shop_category_id ORDER BY s.priority DESC LIMIT ?,?; 
2021-04-07 10:16:41.777 [http-nio-8080-exec-2] DEBUG com.imooc.o2o.dao.ShopDao.queryShopList - ==> Parameters: 12(Long), 1(Integer), 0(Integer), 3(Integer)
2021-04-07 10:16:41.778 [http-nio-8080-exec-8] DEBUG c.imooc.o2o.dao.ShopCategoryDao.queryShopCategory - ==>  Preparing: SELECT shop_category_id, shop_category_name, shop_category_desc, shop_category_img, priority, create_time, last_edit_time, parent_id FROM tb_shop_category WHERE parent_id is not null and parent_id = ? ORDER BY priority DESC 
2021-04-07 10:16:41.779 [http-nio-8080-exec-8] DEBUG c.imooc.o2o.dao.ShopCategoryDao.queryShopCategory - ==> Parameters: 12(Long)
2021-04-07 10:16:41.780 [http-nio-8080-exec-2] DEBUG com.imooc.o2o.dao.ShopDao.queryShopList - <==      Total: 3
2021-04-07 10:16:41.781 [http-nio-8080-exec-2] DEBUG com.imooc.o2o.dao.ShopDao.queryShopCount - ==>  Preparing: SELECT count(1) FROM tb_shop s, tb_area a, tb_shop_category sc WHERE s.shop_category_id in (select shop_category_id from tb_shop_category WHERE parent_id = ?) and s.enable_status = ? AND s.area_id=a.area_id AND s.shop_category_id = sc.shop_category_id 
2021-04-07 10:16:41.781 [http-nio-8080-exec-8] DEBUG c.imooc.o2o.dao.ShopCategoryDao.queryShopCategory - <==      Total: 2
2021-04-07 10:16:41.782 [http-nio-8080-exec-2] DEBUG com.imooc.o2o.dao.ShopDao.queryShopCount - ==> Parameters: 12(Long), 1(Integer)
2021-04-07 10:16:41.783 [http-nio-8080-exec-2] DEBUG com.imooc.o2o.dao.ShopDao.queryShopCount - <==      Total: 1
2021-04-07 10:16:43.425 [http-nio-8080-exec-3] DEBUG com.imooc.o2o.dao.ShopDao.queryByShopId - ==>  Preparing: SELECT s.shop_id, s.shop_name, s.shop_desc, s.shop_addr, s.phone, s.shop_img, s.priority, s.create_time, s.last_edit_time, s.enable_status, s.advice, a.area_id, a.area_name, sc.shop_category_id, sc.shop_category_name FROM tb_shop s, tb_area a, tb_shop_category sc WHERE s.area_id=a.area_id AND s.shop_category_id = sc.shop_category_id AND s.shop_id = ? 
2021-04-07 10:16:43.425 [http-nio-8080-exec-3] DEBUG com.imooc.o2o.dao.ShopDao.queryByShopId - ==> Parameters: 20(Long)
2021-04-07 10:16:43.429 [http-nio-8080-exec-3] DEBUG com.imooc.o2o.dao.ShopDao.queryByShopId - <==      Total: 1
2021-04-07 10:16:43.429 [http-nio-8080-exec-3] DEBUG c.i.o.d.P.queryProductCategoryList - ==>  Preparing: SELECT product_category_id, product_category_name, priority, create_time, shop_id FROM tb_product_category WHERE shop_id = ? ORDER BY priority DESC 
2021-04-07 10:16:43.433 [http-nio-8080-exec-3] DEBUG c.i.o.d.P.queryProductCategoryList - ==> Parameters: 20(Long)
2021-04-07 10:16:43.435 [http-nio-8080-exec-4] DEBUG com.imooc.o2o.dao.ProductDao.queryProductList - ==>  Preparing: SELECT product_id, product_name, product_desc, img_addr, normal_price, promotion_price, priority, create_time, last_edit_time, enable_status, point, product_category_id, shop_id FROM tb_product WHERE shop_id = ? and enable_status = ? ORDER BY priority DESC LIMIT ?,?; 
2021-04-07 10:16:43.436 [http-nio-8080-exec-4] DEBUG com.imooc.o2o.dao.ProductDao.queryProductList - ==> Parameters: 20(Long), 1(Integer), 0(Integer), 3(Integer)
2021-04-07 10:16:43.436 [http-nio-8080-exec-3] DEBUG c.i.o.d.P.queryProductCategoryList - <==      Total: 5
2021-04-07 10:16:43.442 [http-nio-8080-exec-4] DEBUG com.imooc.o2o.dao.ProductDao.queryProductList - <==      Total: 3
2021-04-07 10:16:43.443 [http-nio-8080-exec-4] DEBUG com.imooc.o2o.dao.ProductDao.queryProductCount - ==>  Preparing: SELECT count(1) FROM tb_product WHERE shop_id = ? and enable_status = ? 
2021-04-07 10:16:43.443 [http-nio-8080-exec-4] DEBUG com.imooc.o2o.dao.ProductDao.queryProductCount - ==> Parameters: 20(Long), 1(Integer)
2021-04-07 10:16:43.446 [http-nio-8080-exec-4] DEBUG com.imooc.o2o.dao.ProductDao.queryProductCount - <==      Total: 1
2021-04-07 10:16:45.294 [http-nio-8080-exec-10] DEBUG com.imooc.o2o.dao.ShopDao.queryShopList - ==>  Preparing: SELECT s.shop_id, s.shop_name, s.shop_desc, s.shop_addr, s.phone, s.shop_img, s.priority, s.create_time, s.last_edit_time, s.enable_status, s.advice, a.area_id, a.area_name, sc.shop_category_id, sc.shop_category_name FROM tb_shop s, tb_area a, tb_shop_category sc WHERE s.shop_category_id in (select shop_category_id from tb_shop_category WHERE parent_id = ?) and s.enable_status = ? AND s.area_id=a.area_id AND s.shop_category_id = sc.shop_category_id ORDER BY s.priority DESC LIMIT ?,?; 
2021-04-07 10:16:45.294 [http-nio-8080-exec-10] DEBUG com.imooc.o2o.dao.ShopDao.queryShopList - ==> Parameters: 12(Long), 1(Integer), 0(Integer), 3(Integer)
2021-04-07 10:16:45.295 [http-nio-8080-exec-8] DEBUG c.imooc.o2o.dao.ShopCategoryDao.queryShopCategory - ==>  Preparing: SELECT shop_category_id, shop_category_name, shop_category_desc, shop_category_img, priority, create_time, last_edit_time, parent_id FROM tb_shop_category WHERE parent_id is not null and parent_id = ? ORDER BY priority DESC 
2021-04-07 10:16:45.295 [http-nio-8080-exec-8] DEBUG c.imooc.o2o.dao.ShopCategoryDao.queryShopCategory - ==> Parameters: 12(Long)
2021-04-07 10:16:45.297 [http-nio-8080-exec-10] DEBUG com.imooc.o2o.dao.ShopDao.queryShopList - <==      Total: 3
2021-04-07 10:16:45.297 [http-nio-8080-exec-8] DEBUG c.imooc.o2o.dao.ShopCategoryDao.queryShopCategory - <==      Total: 2
2021-04-07 10:16:45.298 [http-nio-8080-exec-10] DEBUG com.imooc.o2o.dao.ShopDao.queryShopCount - ==>  Preparing: SELECT count(1) FROM tb_shop s, tb_area a, tb_shop_category sc WHERE s.shop_category_id in (select shop_category_id from tb_shop_category WHERE parent_id = ?) and s.enable_status = ? AND s.area_id=a.area_id AND s.shop_category_id = sc.shop_category_id 
2021-04-07 10:16:45.298 [http-nio-8080-exec-10] DEBUG com.imooc.o2o.dao.ShopDao.queryShopCount - ==> Parameters: 12(Long), 1(Integer)
2021-04-07 10:16:45.299 [http-nio-8080-exec-10] DEBUG com.imooc.o2o.dao.ShopDao.queryShopCount - <==      Total: 1
2021-04-07 10:16:48.642 [http-nio-8080-exec-4] DEBUG c.imooc.o2o.dao.ShopCategoryDao.queryShopCategory - ==>  Preparing: SELECT shop_category_id, shop_category_name, shop_category_desc, shop_category_img, priority, create_time, last_edit_time, parent_id FROM tb_shop_category WHERE parent_id is null ORDER BY priority DESC 
2021-04-07 10:16:48.643 [http-nio-8080-exec-4] DEBUG c.imooc.o2o.dao.ShopCategoryDao.queryShopCategory - ==> Parameters: 
2021-04-07 10:16:48.644 [http-nio-8080-exec-4] DEBUG c.imooc.o2o.dao.ShopCategoryDao.queryShopCategory - <==      Total: 6
2021-04-07 10:16:50.695 [http-nio-8080-exec-6] DEBUG c.imooc.o2o.dao.ShopCategoryDao.queryShopCategory - ==>  Preparing: SELECT shop_category_id, shop_category_name, shop_category_desc, shop_category_img, priority, create_time, last_edit_time, parent_id FROM tb_shop_category WHERE parent_id is not null and parent_id = ? ORDER BY priority DESC 
2021-04-07 10:16:50.695 [http-nio-8080-exec-6] DEBUG c.imooc.o2o.dao.ShopCategoryDao.queryShopCategory - ==> Parameters: 12(Long)
2021-04-07 10:16:50.696 [http-nio-8080-exec-6] DEBUG c.imooc.o2o.dao.ShopCategoryDao.queryShopCategory - <==      Total: 2
2021-04-07 10:16:50.697 [http-nio-8080-exec-7] DEBUG com.imooc.o2o.dao.ShopDao.queryShopList - ==>  Preparing: SELECT s.shop_id, s.shop_name, s.shop_desc, s.shop_addr, s.phone, s.shop_img, s.priority, s.create_time, s.last_edit_time, s.enable_status, s.advice, a.area_id, a.area_name, sc.shop_category_id, sc.shop_category_name FROM tb_shop s, tb_area a, tb_shop_category sc WHERE s.shop_category_id in (select shop_category_id from tb_shop_category WHERE parent_id = ?) and s.enable_status = ? AND s.area_id=a.area_id AND s.shop_category_id = sc.shop_category_id ORDER BY s.priority DESC LIMIT ?,?; 
2021-04-07 10:16:50.698 [http-nio-8080-exec-7] DEBUG com.imooc.o2o.dao.ShopDao.queryShopList - ==> Parameters: 12(Long), 1(Integer), 0(Integer), 3(Integer)
2021-04-07 10:16:50.700 [http-nio-8080-exec-7] DEBUG com.imooc.o2o.dao.ShopDao.queryShopList - <==      Total: 3
2021-04-07 10:16:50.701 [http-nio-8080-exec-7] DEBUG com.imooc.o2o.dao.ShopDao.queryShopCount - ==>  Preparing: SELECT count(1) FROM tb_shop s, tb_area a, tb_shop_category sc WHERE s.shop_category_id in (select shop_category_id from tb_shop_category WHERE parent_id = ?) and s.enable_status = ? AND s.area_id=a.area_id AND s.shop_category_id = sc.shop_category_id 
2021-04-07 10:16:50.701 [http-nio-8080-exec-7] DEBUG com.imooc.o2o.dao.ShopDao.queryShopCount - ==> Parameters: 12(Long), 1(Integer)
2021-04-07 10:16:50.702 [http-nio-8080-exec-7] DEBUG com.imooc.o2o.dao.ShopDao.queryShopCount - <==      Total: 1
2021-04-07 10:16:52.561 [http-nio-8080-exec-1] DEBUG com.imooc.o2o.dao.ShopDao.queryShopList - ==>  Preparing: SELECT s.shop_id, s.shop_name, s.shop_desc, s.shop_addr, s.phone, s.shop_img, s.priority, s.create_time, s.last_edit_time, s.enable_status, s.advice, a.area_id, a.area_name, sc.shop_category_id, sc.shop_category_name FROM tb_shop s, tb_area a, tb_shop_category sc WHERE s.shop_category_id = ? and s.enable_status = ? AND s.area_id=a.area_id AND s.shop_category_id = sc.shop_category_id ORDER BY s.priority DESC LIMIT ?,?; 
2021-04-07 10:16:52.561 [http-nio-8080-exec-1] DEBUG com.imooc.o2o.dao.ShopDao.queryShopList - ==> Parameters: 22(Long), 1(Integer), 0(Integer), 3(Integer)
2021-04-07 10:16:52.565 [http-nio-8080-exec-1] DEBUG com.imooc.o2o.dao.ShopDao.queryShopList - <==      Total: 2
2021-04-07 10:16:52.566 [http-nio-8080-exec-1] DEBUG com.imooc.o2o.dao.ShopDao.queryShopCount - ==>  Preparing: SELECT count(1) FROM tb_shop s, tb_area a, tb_shop_category sc WHERE s.shop_category_id = ? and s.enable_status = ? AND s.area_id=a.area_id AND s.shop_category_id = sc.shop_category_id 
2021-04-07 10:16:52.566 [http-nio-8080-exec-1] DEBUG com.imooc.o2o.dao.ShopDao.queryShopCount - ==> Parameters: 22(Long), 1(Integer)
2021-04-07 10:16:52.567 [http-nio-8080-exec-1] DEBUG com.imooc.o2o.dao.ShopDao.queryShopCount - <==      Total: 1
2021-04-07 10:16:54.734 [http-nio-8080-exec-5] DEBUG com.imooc.o2o.dao.ShopDao.queryShopList - ==>  Preparing: SELECT s.shop_id, s.shop_name, s.shop_desc, s.shop_addr, s.phone, s.shop_img, s.priority, s.create_time, s.last_edit_time, s.enable_status, s.advice, a.area_id, a.area_name, sc.shop_category_id, sc.shop_category_name FROM tb_shop s, tb_area a, tb_shop_category sc WHERE s.shop_category_id = ? and s.enable_status = ? AND s.area_id=a.area_id AND s.shop_category_id = sc.shop_category_id ORDER BY s.priority DESC LIMIT ?,?; 
2021-04-07 10:16:54.739 [http-nio-8080-exec-5] DEBUG com.imooc.o2o.dao.ShopDao.queryShopList - ==> Parameters: 22(Long), 1(Integer), 0(Integer), 3(Integer)
2021-04-07 10:16:54.741 [http-nio-8080-exec-5] DEBUG com.imooc.o2o.dao.ShopDao.queryShopList - <==      Total: 2
2021-04-07 10:16:54.741 [http-nio-8080-exec-5] DEBUG com.imooc.o2o.dao.ShopDao.queryShopCount - ==>  Preparing: SELECT count(1) FROM tb_shop s, tb_area a, tb_shop_category sc WHERE s.shop_category_id = ? and s.enable_status = ? AND s.area_id=a.area_id AND s.shop_category_id = sc.shop_category_id 
2021-04-07 10:16:54.742 [http-nio-8080-exec-5] DEBUG com.imooc.o2o.dao.ShopDao.queryShopCount - ==> Parameters: 22(Long), 1(Integer)
2021-04-07 10:16:54.742 [http-nio-8080-exec-5] DEBUG com.imooc.o2o.dao.ShopDao.queryShopCount - <==      Total: 1
2021-04-07 10:16:56.560 [http-nio-8080-exec-7] DEBUG com.imooc.o2o.dao.ShopDao.queryShopList - ==>  Preparing: SELECT s.shop_id, s.shop_name, s.shop_desc, s.shop_addr, s.phone, s.shop_img, s.priority, s.create_time, s.last_edit_time, s.enable_status, s.advice, a.area_id, a.area_name, sc.shop_category_id, sc.shop_category_name FROM tb_shop s, tb_area a, tb_shop_category sc WHERE s.shop_category_id = ? and s.enable_status = ? AND s.area_id=a.area_id AND s.shop_category_id = sc.shop_category_id ORDER BY s.priority DESC LIMIT ?,?; 
2021-04-07 10:16:56.560 [http-nio-8080-exec-7] DEBUG com.imooc.o2o.dao.ShopDao.queryShopList - ==> Parameters: 22(Long), 1(Integer), 0(Integer), 3(Integer)
2021-04-07 10:16:56.561 [http-nio-8080-exec-7] DEBUG com.imooc.o2o.dao.ShopDao.queryShopList - <==      Total: 2
2021-04-07 10:16:56.561 [http-nio-8080-exec-7] DEBUG com.imooc.o2o.dao.ShopDao.queryShopCount - ==>  Preparing: SELECT count(1) FROM tb_shop s, tb_area a, tb_shop_category sc WHERE s.shop_category_id = ? and s.enable_status = ? AND s.area_id=a.area_id AND s.shop_category_id = sc.shop_category_id 
2021-04-07 10:16:56.561 [http-nio-8080-exec-7] DEBUG com.imooc.o2o.dao.ShopDao.queryShopCount - ==> Parameters: 22(Long), 1(Integer)
2021-04-07 10:16:56.562 [http-nio-8080-exec-7] DEBUG com.imooc.o2o.dao.ShopDao.queryShopCount - <==      Total: 1
2021-04-07 10:17:01.943 [http-nio-8080-exec-8] DEBUG com.imooc.o2o.dao.ShopDao.queryShopList - ==>  Preparing: SELECT s.shop_id, s.shop_name, s.shop_desc, s.shop_addr, s.phone, s.shop_img, s.priority, s.create_time, s.last_edit_time, s.enable_status, s.advice, a.area_id, a.area_name, sc.shop_category_id, sc.shop_category_name FROM tb_shop s, tb_area a, tb_shop_category sc WHERE s.shop_category_id = ? and s.enable_status = ? AND s.area_id=a.area_id AND s.shop_category_id = sc.shop_category_id ORDER BY s.priority DESC LIMIT ?,?; 
2021-04-07 10:17:01.944 [http-nio-8080-exec-8] DEBUG com.imooc.o2o.dao.ShopDao.queryShopList - ==> Parameters: 22(Long), 1(Integer), 0(Integer), 3(Integer)
2021-04-07 10:17:01.945 [http-nio-8080-exec-8] DEBUG com.imooc.o2o.dao.ShopDao.queryShopList - <==      Total: 2
2021-04-07 10:17:01.945 [http-nio-8080-exec-8] DEBUG com.imooc.o2o.dao.ShopDao.queryShopCount - ==>  Preparing: SELECT count(1) FROM tb_shop s, tb_area a, tb_shop_category sc WHERE s.shop_category_id = ? and s.enable_status = ? AND s.area_id=a.area_id AND s.shop_category_id = sc.shop_category_id 
2021-04-07 10:17:01.945 [http-nio-8080-exec-8] DEBUG com.imooc.o2o.dao.ShopDao.queryShopCount - ==> Parameters: 22(Long), 1(Integer)
2021-04-07 10:17:01.946 [http-nio-8080-exec-8] DEBUG com.imooc.o2o.dao.ShopDao.queryShopCount - <==      Total: 1
2021-04-07 10:17:04.527 [http-nio-8080-exec-9] DEBUG com.imooc.o2o.dao.ShopDao.queryShopList - ==>  Preparing: SELECT s.shop_id, s.shop_name, s.shop_desc, s.shop_addr, s.phone, s.shop_img, s.priority, s.create_time, s.last_edit_time, s.enable_status, s.advice, a.area_id, a.area_name, sc.shop_category_id, sc.shop_category_name FROM tb_shop s, tb_area a, tb_shop_category sc WHERE s.shop_category_id in (select shop_category_id from tb_shop_category WHERE parent_id = ?) and s.enable_status = ? AND s.area_id=a.area_id AND s.shop_category_id = sc.shop_category_id ORDER BY s.priority DESC LIMIT ?,?; 
2021-04-07 10:17:04.527 [http-nio-8080-exec-9] DEBUG com.imooc.o2o.dao.ShopDao.queryShopList - ==> Parameters: 12(Long), 1(Integer), 0(Integer), 3(Integer)
2021-04-07 10:17:04.529 [http-nio-8080-exec-9] DEBUG com.imooc.o2o.dao.ShopDao.queryShopList - <==      Total: 3
2021-04-07 10:17:04.529 [http-nio-8080-exec-9] DEBUG com.imooc.o2o.dao.ShopDao.queryShopCount - ==>  Preparing: SELECT count(1) FROM tb_shop s, tb_area a, tb_shop_category sc WHERE s.shop_category_id in (select shop_category_id from tb_shop_category WHERE parent_id = ?) and s.enable_status = ? AND s.area_id=a.area_id AND s.shop_category_id = sc.shop_category_id 
2021-04-07 10:17:04.530 [http-nio-8080-exec-9] DEBUG com.imooc.o2o.dao.ShopDao.queryShopCount - ==> Parameters: 12(Long), 1(Integer)
2021-04-07 10:17:04.531 [http-nio-8080-exec-9] DEBUG com.imooc.o2o.dao.ShopDao.queryShopCount - <==      Total: 1
2021-04-07 10:17:06.831 [http-nio-8080-exec-7] DEBUG com.imooc.o2o.dao.ShopDao.queryShopList - ==>  Preparing: SELECT s.shop_id, s.shop_name, s.shop_desc, s.shop_addr, s.phone, s.shop_img, s.priority, s.create_time, s.last_edit_time, s.enable_status, s.advice, a.area_id, a.area_name, sc.shop_category_id, sc.shop_category_name FROM tb_shop s, tb_area a, tb_shop_category sc WHERE s.shop_category_id in (select shop_category_id from tb_shop_category WHERE parent_id = ?) and s.enable_status = ? AND s.area_id=a.area_id AND s.shop_category_id = sc.shop_category_id ORDER BY s.priority DESC LIMIT ?,?; 
2021-04-07 10:17:06.831 [http-nio-8080-exec-7] DEBUG com.imooc.o2o.dao.ShopDao.queryShopList - ==> Parameters: 12(Long), 1(Integer), 0(Integer), 3(Integer)
2021-04-07 10:17:06.833 [http-nio-8080-exec-7] DEBUG com.imooc.o2o.dao.ShopDao.queryShopList - <==      Total: 3
2021-04-07 10:17:06.833 [http-nio-8080-exec-7] DEBUG com.imooc.o2o.dao.ShopDao.queryShopCount - ==>  Preparing: SELECT count(1) FROM tb_shop s, tb_area a, tb_shop_category sc WHERE s.shop_category_id in (select shop_category_id from tb_shop_category WHERE parent_id = ?) and s.enable_status = ? AND s.area_id=a.area_id AND s.shop_category_id = sc.shop_category_id 
2021-04-07 10:17:06.834 [http-nio-8080-exec-7] DEBUG com.imooc.o2o.dao.ShopDao.queryShopCount - ==> Parameters: 12(Long), 1(Integer)
2021-04-07 10:17:06.834 [http-nio-8080-exec-7] DEBUG com.imooc.o2o.dao.ShopDao.queryShopCount - <==      Total: 1
2021-04-07 10:17:10.703 [http-nio-8080-exec-3] DEBUG com.imooc.o2o.dao.ShopDao.queryShopList - ==>  Preparing: SELECT s.shop_id, s.shop_name, s.shop_desc, s.shop_addr, s.phone, s.shop_img, s.priority, s.create_time, s.last_edit_time, s.enable_status, s.advice, a.area_id, a.area_name, sc.shop_category_id, sc.shop_category_name FROM tb_shop s, tb_area a, tb_shop_category sc WHERE s.shop_category_id in (select shop_category_id from tb_shop_category WHERE parent_id = ?) and s.enable_status = ? AND s.area_id=a.area_id AND s.shop_category_id = sc.shop_category_id ORDER BY s.priority DESC LIMIT ?,?; 
2021-04-07 10:17:10.703 [http-nio-8080-exec-3] DEBUG com.imooc.o2o.dao.ShopDao.queryShopList - ==> Parameters: 12(Long), 1(Integer), 0(Integer), 3(Integer)
2021-04-07 10:17:10.705 [http-nio-8080-exec-3] DEBUG com.imooc.o2o.dao.ShopDao.queryShopList - <==      Total: 3
2021-04-07 10:17:10.705 [http-nio-8080-exec-3] DEBUG com.imooc.o2o.dao.ShopDao.queryShopCount - ==>  Preparing: SELECT count(1) FROM tb_shop s, tb_area a, tb_shop_category sc WHERE s.shop_category_id in (select shop_category_id from tb_shop_category WHERE parent_id = ?) and s.enable_status = ? AND s.area_id=a.area_id AND s.shop_category_id = sc.shop_category_id 
2021-04-07 10:17:10.706 [http-nio-8080-exec-3] DEBUG com.imooc.o2o.dao.ShopDao.queryShopCount - ==> Parameters: 12(Long), 1(Integer)
2021-04-07 10:17:10.707 [http-nio-8080-exec-3] DEBUG com.imooc.o2o.dao.ShopDao.queryShopCount - <==      Total: 1
2021-04-07 10:17:13.640 [http-nio-8080-exec-4] DEBUG com.imooc.o2o.dao.ShopDao.queryShopList - ==>  Preparing: SELECT s.shop_id, s.shop_name, s.shop_desc, s.shop_addr, s.phone, s.shop_img, s.priority, s.create_time, s.last_edit_time, s.enable_status, s.advice, a.area_id, a.area_name, sc.shop_category_id, sc.shop_category_name FROM tb_shop s, tb_area a, tb_shop_category sc WHERE s.shop_category_id in (select shop_category_id from tb_shop_category WHERE parent_id = ?) and s.enable_status = ? AND s.area_id=a.area_id AND s.shop_category_id = sc.shop_category_id ORDER BY s.priority DESC LIMIT ?,?; 
2021-04-07 10:17:13.640 [http-nio-8080-exec-4] DEBUG com.imooc.o2o.dao.ShopDao.queryShopList - ==> Parameters: 12(Long), 1(Integer), 0(Integer), 3(Integer)
2021-04-07 10:17:13.642 [http-nio-8080-exec-4] DEBUG com.imooc.o2o.dao.ShopDao.queryShopList - <==      Total: 3
2021-04-07 10:17:13.643 [http-nio-8080-exec-4] DEBUG com.imooc.o2o.dao.ShopDao.queryShopCount - ==>  Preparing: SELECT count(1) FROM tb_shop s, tb_area a, tb_shop_category sc WHERE s.shop_category_id in (select shop_category_id from tb_shop_category WHERE parent_id = ?) and s.enable_status = ? AND s.area_id=a.area_id AND s.shop_category_id = sc.shop_category_id 
2021-04-07 10:17:13.643 [http-nio-8080-exec-4] DEBUG com.imooc.o2o.dao.ShopDao.queryShopCount - ==> Parameters: 12(Long), 1(Integer)
2021-04-07 10:17:13.644 [http-nio-8080-exec-4] DEBUG com.imooc.o2o.dao.ShopDao.queryShopCount - <==      Total: 1
2021-04-07 10:17:31.622 [http-nio-8080-exec-10] DEBUG com.imooc.o2o.dao.ShopDao.queryShopList - ==>  Preparing: SELECT s.shop_id, s.shop_name, s.shop_desc, s.shop_addr, s.phone, s.shop_img, s.priority, s.create_time, s.last_edit_time, s.enable_status, s.advice, a.area_id, a.area_name, sc.shop_category_id, sc.shop_category_name FROM tb_shop s, tb_area a, tb_shop_category sc WHERE s.shop_category_id in (select shop_category_id from tb_shop_category WHERE parent_id = ?) and s.enable_status = ? AND s.area_id=a.area_id AND s.shop_category_id = sc.shop_category_id ORDER BY s.priority DESC LIMIT ?,?; 
2021-04-07 10:17:31.622 [http-nio-8080-exec-10] DEBUG com.imooc.o2o.dao.ShopDao.queryShopList - ==> Parameters: 12(Long), 1(Integer), 0(Integer), 3(Integer)
2021-04-07 10:17:31.623 [http-nio-8080-exec-10] DEBUG com.imooc.o2o.dao.ShopDao.queryShopList - <==      Total: 3
2021-04-07 10:17:31.624 [http-nio-8080-exec-10] DEBUG com.imooc.o2o.dao.ShopDao.queryShopCount - ==>  Preparing: SELECT count(1) FROM tb_shop s, tb_area a, tb_shop_category sc WHERE s.shop_category_id in (select shop_category_id from tb_shop_category WHERE parent_id = ?) and s.enable_status = ? AND s.area_id=a.area_id AND s.shop_category_id = sc.shop_category_id 
2021-04-07 10:17:31.624 [http-nio-8080-exec-10] DEBUG com.imooc.o2o.dao.ShopDao.queryShopCount - ==> Parameters: 12(Long), 1(Integer)
2021-04-07 10:17:31.625 [http-nio-8080-exec-10] DEBUG com.imooc.o2o.dao.ShopDao.queryShopCount - <==      Total: 1
2021-04-07 10:20:18.825 [http-nio-8080-exec-8] DEBUG com.imooc.o2o.dao.ShopDao.queryShopList - ==>  Preparing: SELECT s.shop_id, s.shop_name, s.shop_desc, s.shop_addr, s.phone, s.shop_img, s.priority, s.create_time, s.last_edit_time, s.enable_status, s.advice, a.area_id, a.area_name, sc.shop_category_id, sc.shop_category_name FROM tb_shop s, tb_area a, tb_shop_category sc WHERE s.shop_category_id in (select shop_category_id from tb_shop_category WHERE parent_id = ?) and s.enable_status = ? AND s.area_id=a.area_id AND s.shop_category_id = sc.shop_category_id ORDER BY s.priority DESC LIMIT ?,?; 
2021-04-07 10:20:18.825 [http-nio-8080-exec-8] DEBUG com.imooc.o2o.dao.ShopDao.queryShopList - ==> Parameters: 12(Long), 1(Integer), 0(Integer), 3(Integer)
2021-04-07 10:20:18.826 [http-nio-8080-exec-10] DEBUG c.imooc.o2o.dao.ShopCategoryDao.queryShopCategory - ==>  Preparing: SELECT shop_category_id, shop_category_name, shop_category_desc, shop_category_img, priority, create_time, last_edit_time, parent_id FROM tb_shop_category WHERE parent_id is not null and parent_id = ? ORDER BY priority DESC 
2021-04-07 10:20:18.827 [http-nio-8080-exec-10] DEBUG c.imooc.o2o.dao.ShopCategoryDao.queryShopCategory - ==> Parameters: 12(Long)
2021-04-07 10:20:18.828 [http-nio-8080-exec-8] DEBUG com.imooc.o2o.dao.ShopDao.queryShopList - <==      Total: 3
2021-04-07 10:20:18.829 [http-nio-8080-exec-8] DEBUG com.imooc.o2o.dao.ShopDao.queryShopCount - ==>  Preparing: SELECT count(1) FROM tb_shop s, tb_area a, tb_shop_category sc WHERE s.shop_category_id in (select shop_category_id from tb_shop_category WHERE parent_id = ?) and s.enable_status = ? AND s.area_id=a.area_id AND s.shop_category_id = sc.shop_category_id 
2021-04-07 10:20:18.828 [http-nio-8080-exec-10] DEBUG c.imooc.o2o.dao.ShopCategoryDao.queryShopCategory - <==      Total: 2
2021-04-07 10:20:18.830 [http-nio-8080-exec-8] DEBUG com.imooc.o2o.dao.ShopDao.queryShopCount - ==> Parameters: 12(Long), 1(Integer)
2021-04-07 10:20:18.831 [http-nio-8080-exec-8] DEBUG com.imooc.o2o.dao.ShopDao.queryShopCount - <==      Total: 1
2021-04-07 10:20:42.401 [http-nio-8080-exec-4] DEBUG com.imooc.o2o.dao.ShopDao.queryShopList - ==>  Preparing: SELECT s.shop_id, s.shop_name, s.shop_desc, s.shop_addr, s.phone, s.shop_img, s.priority, s.create_time, s.last_edit_time, s.enable_status, s.advice, a.area_id, a.area_name, sc.shop_category_id, sc.shop_category_name FROM tb_shop s, tb_area a, tb_shop_category sc WHERE s.shop_category_id in (select shop_category_id from tb_shop_category WHERE parent_id = ?) and s.enable_status = ? AND s.area_id=a.area_id AND s.shop_category_id = sc.shop_category_id ORDER BY s.priority DESC LIMIT ?,?; 
2021-04-07 10:20:42.401 [http-nio-8080-exec-4] DEBUG com.imooc.o2o.dao.ShopDao.queryShopList - ==> Parameters: 12(Long), 1(Integer), 0(Integer), 3(Integer)
2021-04-07 10:20:42.401 [http-nio-8080-exec-3] DEBUG c.imooc.o2o.dao.ShopCategoryDao.queryShopCategory - ==>  Preparing: SELECT shop_category_id, shop_category_name, shop_category_desc, shop_category_img, priority, create_time, last_edit_time, parent_id FROM tb_shop_category WHERE parent_id is not null and parent_id = ? ORDER BY priority DESC 
2021-04-07 10:20:42.402 [http-nio-8080-exec-3] DEBUG c.imooc.o2o.dao.ShopCategoryDao.queryShopCategory - ==> Parameters: 12(Long)
2021-04-07 10:20:42.403 [http-nio-8080-exec-3] DEBUG c.imooc.o2o.dao.ShopCategoryDao.queryShopCategory - <==      Total: 2
2021-04-07 10:20:42.403 [http-nio-8080-exec-4] DEBUG com.imooc.o2o.dao.ShopDao.queryShopList - <==      Total: 3
2021-04-07 10:20:42.404 [http-nio-8080-exec-4] DEBUG com.imooc.o2o.dao.ShopDao.queryShopCount - ==>  Preparing: SELECT count(1) FROM tb_shop s, tb_area a, tb_shop_category sc WHERE s.shop_category_id in (select shop_category_id from tb_shop_category WHERE parent_id = ?) and s.enable_status = ? AND s.area_id=a.area_id AND s.shop_category_id = sc.shop_category_id 
2021-04-07 10:20:42.404 [http-nio-8080-exec-4] DEBUG com.imooc.o2o.dao.ShopDao.queryShopCount - ==> Parameters: 12(Long), 1(Integer)
2021-04-07 10:20:42.405 [http-nio-8080-exec-4] DEBUG com.imooc.o2o.dao.ShopDao.queryShopCount - <==      Total: 1
2021-04-07 10:22:16.082 [http-nio-8080-exec-3] DEBUG c.imooc.o2o.dao.ShopCategoryDao.queryShopCategory - ==>  Preparing: SELECT shop_category_id, shop_category_name, shop_category_desc, shop_category_img, priority, create_time, last_edit_time, parent_id FROM tb_shop_category WHERE parent_id is not null and parent_id = ? ORDER BY priority DESC 
2021-04-07 10:22:16.082 [http-nio-8080-exec-3] DEBUG c.imooc.o2o.dao.ShopCategoryDao.queryShopCategory - ==> Parameters: 12(Long)
2021-04-07 10:22:16.083 [http-nio-8080-exec-3] DEBUG c.imooc.o2o.dao.ShopCategoryDao.queryShopCategory - <==      Total: 2
2021-04-07 10:23:43.757 [main] DEBUG com.imooc.o2o.service.AreaServiceTest - Running with Spring Boot v2.1.6.RELEASE, Spring v5.1.8.RELEASE
2021-04-07 10:23:46.121 [main] DEBUG com.imooc.o2o.dao.AreaDao.queryArea - ==>  Preparing: SELECT area_id, area_name, priority, create_time, last_edit_time FROM tb_area ORDER BY priority DESC 
2021-04-07 10:23:46.146 [main] DEBUG com.imooc.o2o.dao.AreaDao.queryArea - ==> Parameters: 
2021-04-07 10:23:46.165 [main] DEBUG com.imooc.o2o.dao.AreaDao.queryArea - <==      Total: 5
2021-04-07 10:24:52.021 [main] DEBUG com.imooc.o2o.dao.AreaDaoTest - Running with Spring Boot v2.1.6.RELEASE, Spring v5.1.8.RELEASE
2021-04-07 10:24:54.375 [main] DEBUG com.imooc.o2o.dao.AreaDao.queryArea - ==>  Preparing: SELECT area_id, area_name, priority, create_time, last_edit_time FROM tb_area ORDER BY priority DESC 
2021-04-07 10:24:54.396 [main] DEBUG com.imooc.o2o.dao.AreaDao.queryArea - ==> Parameters: 
2021-04-07 10:24:54.414 [main] DEBUG com.imooc.o2o.dao.AreaDao.queryArea - <==      Total: 5
2021-04-07 10:25:24.890 [main] DEBUG com.imooc.o2o.dao.AreaDaoTest - Running with Spring Boot v2.1.6.RELEASE, Spring v5.1.8.RELEASE
2021-04-07 10:25:27.217 [main] DEBUG com.imooc.o2o.dao.AreaDao.queryArea - ==>  Preparing: SELECT area_id, area_name, priority, create_time, last_edit_time FROM tb_area ORDER BY priority DESC 
2021-04-07 10:25:27.238 [main] DEBUG com.imooc.o2o.dao.AreaDao.queryArea - ==> Parameters: 
2021-04-07 10:25:27.256 [main] DEBUG com.imooc.o2o.dao.AreaDao.queryArea - <==      Total: 5
2021-04-07 10:26:19.403 [main] DEBUG com.imooc.o2o.service.AreaServiceTest - Running with Spring Boot v2.1.6.RELEASE, Spring v5.1.8.RELEASE
2021-04-07 10:28:30.659 [main] DEBUG com.imooc.o2o.dao.AreaDao.queryArea - ==>  Preparing: SELECT area_id, area_name, priority, create_time, last_edit_time FROM tb_area ORDER BY priority DESC 
2021-04-07 10:28:30.881 [main] DEBUG com.imooc.o2o.dao.AreaDao.queryArea - ==> Parameters: 
2021-04-07 10:28:31.063 [main] DEBUG com.imooc.o2o.dao.AreaDao.queryArea - <==      Total: 5
2021-04-07 10:29:41.546 [main] DEBUG com.imooc.o2o.service.AreaServiceTest - Running with Spring Boot v2.1.6.RELEASE, Spring v5.1.8.RELEASE
2021-04-07 10:29:43.946 [main] DEBUG com.imooc.o2o.dao.AreaDao.queryArea - ==>  Preparing: SELECT area_id, area_name, priority, create_time, last_edit_time FROM tb_area ORDER BY priority DESC 
2021-04-07 10:29:43.970 [main] DEBUG com.imooc.o2o.dao.AreaDao.queryArea - ==> Parameters: 
2021-04-07 10:29:43.987 [main] DEBUG com.imooc.o2o.dao.AreaDao.queryArea - <==      Total: 5
2021-04-07 10:29:54.395 [http-nio-8080-exec-7] DEBUG com.imooc.o2o.dao.ShopDao.queryShopList - ==>  Preparing: SELECT s.shop_id, s.shop_name, s.shop_desc, s.shop_addr, s.phone, s.shop_img, s.priority, s.create_time, s.last_edit_time, s.enable_status, s.advice, a.area_id, a.area_name, sc.shop_category_id, sc.shop_category_name FROM tb_shop s, tb_area a, tb_shop_category sc WHERE s.shop_category_id in (select shop_category_id from tb_shop_category WHERE parent_id = ?) and s.enable_status = ? AND s.area_id=a.area_id AND s.shop_category_id = sc.shop_category_id ORDER BY s.priority DESC LIMIT ?,?; 
2021-04-07 10:29:54.396 [http-nio-8080-exec-7] DEBUG com.imooc.o2o.dao.ShopDao.queryShopList - ==> Parameters: 12(Long), 1(Integer), 0(Integer), 3(Integer)
2021-04-07 10:29:54.398 [http-nio-8080-exec-7] DEBUG com.imooc.o2o.dao.ShopDao.queryShopList - <==      Total: 3
2021-04-07 10:29:54.398 [http-nio-8080-exec-6] DEBUG c.imooc.o2o.dao.ShopCategoryDao.queryShopCategory - ==>  Preparing: SELECT shop_category_id, shop_category_name, shop_category_desc, shop_category_img, priority, create_time, last_edit_time, parent_id FROM tb_shop_category WHERE parent_id is not null and parent_id = ? ORDER BY priority DESC 
2021-04-07 10:29:54.398 [http-nio-8080-exec-6] DEBUG c.imooc.o2o.dao.ShopCategoryDao.queryShopCategory - ==> Parameters: 12(Long)
2021-04-07 10:29:54.399 [http-nio-8080-exec-7] DEBUG com.imooc.o2o.dao.ShopDao.queryShopCount - ==>  Preparing: SELECT count(1) FROM tb_shop s, tb_area a, tb_shop_category sc WHERE s.shop_category_id in (select shop_category_id from tb_shop_category WHERE parent_id = ?) and s.enable_status = ? AND s.area_id=a.area_id AND s.shop_category_id = sc.shop_category_id 
2021-04-07 10:29:54.399 [http-nio-8080-exec-7] DEBUG com.imooc.o2o.dao.ShopDao.queryShopCount - ==> Parameters: 12(Long), 1(Integer)
2021-04-07 10:29:54.400 [http-nio-8080-exec-6] DEBUG c.imooc.o2o.dao.ShopCategoryDao.queryShopCategory - <==      Total: 2
2021-04-07 10:29:54.400 [http-nio-8080-exec-7] DEBUG com.imooc.o2o.dao.ShopDao.queryShopCount - <==      Total: 1
2021-04-07 10:29:57.031 [http-nio-8080-exec-10] DEBUG com.imooc.o2o.dao.ShopDao.queryShopList - ==>  Preparing: SELECT s.shop_id, s.shop_name, s.shop_desc, s.shop_addr, s.phone, s.shop_img, s.priority, s.create_time, s.last_edit_time, s.enable_status, s.advice, a.area_id, a.area_name, sc.shop_category_id, sc.shop_category_name FROM tb_shop s, tb_area a, tb_shop_category sc WHERE s.shop_category_id in (select shop_category_id from tb_shop_category WHERE parent_id = ?) and s.area_id = ? and s.enable_status = ? AND s.area_id=a.area_id AND s.shop_category_id = sc.shop_category_id ORDER BY s.priority DESC LIMIT ?,?; 
2021-04-07 10:29:57.032 [http-nio-8080-exec-10] DEBUG com.imooc.o2o.dao.ShopDao.queryShopList - ==> Parameters: 12(Long), 6(Integer), 1(Integer), 0(Integer), 3(Integer)
2021-04-07 10:29:57.033 [http-nio-8080-exec-10] DEBUG com.imooc.o2o.dao.ShopDao.queryShopList - <==      Total: 0
2021-04-07 10:29:57.033 [http-nio-8080-exec-10] DEBUG com.imooc.o2o.dao.ShopDao.queryShopCount - ==>  Preparing: SELECT count(1) FROM tb_shop s, tb_area a, tb_shop_category sc WHERE s.shop_category_id in (select shop_category_id from tb_shop_category WHERE parent_id = ?) and s.area_id = ? and s.enable_status = ? AND s.area_id=a.area_id AND s.shop_category_id = sc.shop_category_id 
2021-04-07 10:29:57.034 [http-nio-8080-exec-10] DEBUG com.imooc.o2o.dao.ShopDao.queryShopCount - ==> Parameters: 12(Long), 6(Integer), 1(Integer)
2021-04-07 10:29:57.034 [http-nio-8080-exec-10] DEBUG com.imooc.o2o.dao.ShopDao.queryShopCount - <==      Total: 1
2021-04-07 10:29:59.570 [http-nio-8080-exec-8] DEBUG com.imooc.o2o.dao.ShopDao.queryShopList - ==>  Preparing: SELECT s.shop_id, s.shop_name, s.shop_desc, s.shop_addr, s.phone, s.shop_img, s.priority, s.create_time, s.last_edit_time, s.enable_status, s.advice, a.area_id, a.area_name, sc.shop_category_id, sc.shop_category_name FROM tb_shop s, tb_area a, tb_shop_category sc WHERE s.shop_category_id in (select shop_category_id from tb_shop_category WHERE parent_id = ?) and s.area_id = ? and s.enable_status = ? AND s.area_id=a.area_id AND s.shop_category_id = sc.shop_category_id ORDER BY s.priority DESC LIMIT ?,?; 
2021-04-07 10:29:59.571 [http-nio-8080-exec-8] DEBUG com.imooc.o2o.dao.ShopDao.queryShopList - ==> Parameters: 12(Long), 7(Integer), 1(Integer), 0(Integer), 3(Integer)
2021-04-07 10:29:59.572 [http-nio-8080-exec-8] DEBUG com.imooc.o2o.dao.ShopDao.queryShopList - <==      Total: 0
2021-04-07 10:29:59.572 [http-nio-8080-exec-8] DEBUG com.imooc.o2o.dao.ShopDao.queryShopCount - ==>  Preparing: SELECT count(1) FROM tb_shop s, tb_area a, tb_shop_category sc WHERE s.shop_category_id in (select shop_category_id from tb_shop_category WHERE parent_id = ?) and s.area_id = ? and s.enable_status = ? AND s.area_id=a.area_id AND s.shop_category_id = sc.shop_category_id 
2021-04-07 10:29:59.572 [http-nio-8080-exec-8] DEBUG com.imooc.o2o.dao.ShopDao.queryShopCount - ==> Parameters: 12(Long), 7(Integer), 1(Integer)
2021-04-07 10:29:59.573 [http-nio-8080-exec-8] DEBUG com.imooc.o2o.dao.ShopDao.queryShopCount - <==      Total: 1
2021-04-07 10:30:01.181 [http-nio-8080-exec-9] DEBUG com.imooc.o2o.dao.ShopDao.queryShopList - ==>  Preparing: SELECT s.shop_id, s.shop_name, s.shop_desc, s.shop_addr, s.phone, s.shop_img, s.priority, s.create_time, s.last_edit_time, s.enable_status, s.advice, a.area_id, a.area_name, sc.shop_category_id, sc.shop_category_name FROM tb_shop s, tb_area a, tb_shop_category sc WHERE s.shop_category_id in (select shop_category_id from tb_shop_category WHERE parent_id = ?) and s.area_id = ? and s.enable_status = ? AND s.area_id=a.area_id AND s.shop_category_id = sc.shop_category_id ORDER BY s.priority DESC LIMIT ?,?; 
2021-04-07 10:30:01.183 [http-nio-8080-exec-9] DEBUG com.imooc.o2o.dao.ShopDao.queryShopList - ==> Parameters: 12(Long), 3(Integer), 1(Integer), 0(Integer), 3(Integer)
2021-04-07 10:30:01.184 [http-nio-8080-exec-9] DEBUG com.imooc.o2o.dao.ShopDao.queryShopList - <==      Total: 1
2021-04-07 10:30:01.184 [http-nio-8080-exec-9] DEBUG com.imooc.o2o.dao.ShopDao.queryShopCount - ==>  Preparing: SELECT count(1) FROM tb_shop s, tb_area a, tb_shop_category sc WHERE s.shop_category_id in (select shop_category_id from tb_shop_category WHERE parent_id = ?) and s.area_id = ? and s.enable_status = ? AND s.area_id=a.area_id AND s.shop_category_id = sc.shop_category_id 
2021-04-07 10:30:01.185 [http-nio-8080-exec-9] DEBUG com.imooc.o2o.dao.ShopDao.queryShopCount - ==> Parameters: 12(Long), 3(Integer), 1(Integer)
2021-04-07 10:30:01.185 [http-nio-8080-exec-9] DEBUG com.imooc.o2o.dao.ShopDao.queryShopCount - <==      Total: 1
2021-04-07 10:30:02.785 [http-nio-8080-exec-2] DEBUG com.imooc.o2o.dao.ShopDao.queryShopList - ==>  Preparing: SELECT s.shop_id, s.shop_name, s.shop_desc, s.shop_addr, s.phone, s.shop_img, s.priority, s.create_time, s.last_edit_time, s.enable_status, s.advice, a.area_id, a.area_name, sc.shop_category_id, sc.shop_category_name FROM tb_shop s, tb_area a, tb_shop_category sc WHERE s.shop_category_id in (select shop_category_id from tb_shop_category WHERE parent_id = ?) and s.area_id = ? and s.enable_status = ? AND s.area_id=a.area_id AND s.shop_category_id = sc.shop_category_id ORDER BY s.priority DESC LIMIT ?,?; 
2021-04-07 10:30:02.785 [http-nio-8080-exec-2] DEBUG com.imooc.o2o.dao.ShopDao.queryShopList - ==> Parameters: 12(Long), 4(Integer), 1(Integer), 0(Integer), 3(Integer)
2021-04-07 10:30:02.786 [http-nio-8080-exec-2] DEBUG com.imooc.o2o.dao.ShopDao.queryShopList - <==      Total: 2
2021-04-07 10:30:02.787 [http-nio-8080-exec-2] DEBUG com.imooc.o2o.dao.ShopDao.queryShopCount - ==>  Preparing: SELECT count(1) FROM tb_shop s, tb_area a, tb_shop_category sc WHERE s.shop_category_id in (select shop_category_id from tb_shop_category WHERE parent_id = ?) and s.area_id = ? and s.enable_status = ? AND s.area_id=a.area_id AND s.shop_category_id = sc.shop_category_id 
2021-04-07 10:30:02.787 [http-nio-8080-exec-2] DEBUG com.imooc.o2o.dao.ShopDao.queryShopCount - ==> Parameters: 12(Long), 4(Integer), 1(Integer)
2021-04-07 10:30:02.788 [http-nio-8080-exec-2] DEBUG com.imooc.o2o.dao.ShopDao.queryShopCount - <==      Total: 1
2021-04-07 10:30:04.267 [http-nio-8080-exec-5] DEBUG com.imooc.o2o.dao.ShopDao.queryShopList - ==>  Preparing: SELECT s.shop_id, s.shop_name, s.shop_desc, s.shop_addr, s.phone, s.shop_img, s.priority, s.create_time, s.last_edit_time, s.enable_status, s.advice, a.area_id, a.area_name, sc.shop_category_id, sc.shop_category_name FROM tb_shop s, tb_area a, tb_shop_category sc WHERE s.shop_category_id in (select shop_category_id from tb_shop_category WHERE parent_id = ?) and s.area_id = ? and s.enable_status = ? AND s.area_id=a.area_id AND s.shop_category_id = sc.shop_category_id ORDER BY s.priority DESC LIMIT ?,?; 
2021-04-07 10:30:04.272 [http-nio-8080-exec-5] DEBUG com.imooc.o2o.dao.ShopDao.queryShopList - ==> Parameters: 12(Long), 5(Integer), 1(Integer), 0(Integer), 3(Integer)
2021-04-07 10:30:04.273 [http-nio-8080-exec-5] DEBUG com.imooc.o2o.dao.ShopDao.queryShopList - <==      Total: 0
2021-04-07 10:30:04.273 [http-nio-8080-exec-5] DEBUG com.imooc.o2o.dao.ShopDao.queryShopCount - ==>  Preparing: SELECT count(1) FROM tb_shop s, tb_area a, tb_shop_category sc WHERE s.shop_category_id in (select shop_category_id from tb_shop_category WHERE parent_id = ?) and s.area_id = ? and s.enable_status = ? AND s.area_id=a.area_id AND s.shop_category_id = sc.shop_category_id 
2021-04-07 10:30:04.273 [http-nio-8080-exec-5] DEBUG com.imooc.o2o.dao.ShopDao.queryShopCount - ==> Parameters: 12(Long), 5(Integer), 1(Integer)
2021-04-07 10:30:04.274 [http-nio-8080-exec-5] DEBUG com.imooc.o2o.dao.ShopDao.queryShopCount - <==      Total: 1
2021-04-07 10:30:05.157 [http-nio-8080-exec-3] DEBUG c.imooc.o2o.dao.ShopCategoryDao.queryShopCategory - ==>  Preparing: SELECT shop_category_id, shop_category_name, shop_category_desc, shop_category_img, priority, create_time, last_edit_time, parent_id FROM tb_shop_category WHERE parent_id is null ORDER BY priority DESC 
2021-04-07 10:30:05.157 [http-nio-8080-exec-3] DEBUG c.imooc.o2o.dao.ShopCategoryDao.queryShopCategory - ==> Parameters: 
2021-04-07 10:30:05.159 [http-nio-8080-exec-3] DEBUG c.imooc.o2o.dao.ShopCategoryDao.queryShopCategory - <==      Total: 6
